# JRE version: Java(TM) SE Runtime Environment (8.0_241-b07) (build 1.8.0_241-b07)
# Java VM: Java HotSpot(TM) 64-Bit Server VM (25.241-b07 mixed mode windows-amd64 compressed oops)
Heap:
 PSYoungGen      total 203264K, used 85578K [0x00000000d5f80000, 0x00000000e4280000, 0x0000000100000000)
  eden space 194048K, 39% used [0x00000000d5f80000,0x00000000daa85898,0x00000000e1d00000)
  from space 9216K, 95% used [0x00000000e3980000,0x00000000e420cfd0,0x00000000e4280000)
  to   space 15360K, 0% used [0x00000000e2480000,0x00000000e2480000,0x00000000e3380000)
 ParOldGen       total 56320K, used 27586K [0x0000000081e00000, 0x0000000085500000, 0x00000000d5f80000)
  object space 56320K, 48% used [0x0000000081e00000,0x00000000838f0860,0x0000000085500000)
 Metaspace       used 63387K, capacity 66112K, committed 66456K, reserved 1105920K
  class space    used 8807K, capacity 9282K, committed 9392K, reserved 1048576K
GC Heap History (10 events):
Event: 5.972 GC heap before
{Heap before GC invocations=11 (full 2):
 PSYoungGen      total 171008K, used 9525K [0x00000000d5f80000, 0x00000000e3980000, 0x0000000100000000)
  eden space 157696K, 0% used [0x00000000d5f80000,0x00000000d5f80000,0x00000000df980000)
  from space 13312K, 71% used [0x00000000df980000,0x00000000e02cd6f8,0x00000000e0680000)
  to   space 9728K, 0% used [0x00000000e0680000,0x00000000e0680000,0x00000000e1000000)
 ParOldGen       total 56320K, used 14238K [0x0000000081e00000, 0x0000000085500000, 0x00000000d5f80000)
  object space 56320K, 25% used [0x0000000081e00000,0x0000000082be78c8,0x0000000085500000)
 Metaspace       used 34128K, capacity 35378K, committed 35496K, reserved 1079296K
  class space    used 4453K, capacity 4701K, committed 4784K, reserved 1048576K
Event: 6.061 GC heap after
Heap after GC invocations=11 (full 2):
 PSYoungGen      total 171008K, used 0K [0x00000000d5f80000, 0x00000000e3980000, 0x0000000100000000)
  eden space 157696K, 0% used [0x00000000d5f80000,0x00000000d5f80000,0x00000000df980000)
  from space 13312K, 0% used [0x00000000df980000,0x00000000df980000,0x00000000e0680000)
  to   space 9728K, 0% used [0x00000000e0680000,0x00000000e0680000,0x00000000e1000000)
 ParOldGen       total 56320K, used 15981K [0x0000000081e00000, 0x0000000085500000, 0x00000000d5f80000)
  object space 56320K, 28% used [0x0000000081e00000,0x0000000082d9b7e0,0x0000000085500000)
 Metaspace       used 34127K, capacity 35372K, committed 35496K, reserved 1079296K
  class space    used 4453K, capacity 4700K, committed 4784K, reserved 1048576K
}
Event: 9.077 GC heap before
{Heap before GC invocations=12 (full 2):
 PSYoungGen      total 171008K, used 157696K [0x00000000d5f80000, 0x00000000e3980000, 0x0000000100000000)
  eden space 157696K, 100% used [0x00000000d5f80000,0x00000000df980000,0x00000000df980000)
  from space 13312K, 0% used [0x00000000df980000,0x00000000df980000,0x00000000e0680000)
  to   space 9728K, 0% used [0x00000000e0680000,0x00000000e0680000,0x00000000e1000000)
 ParOldGen       total 56320K, used 15981K [0x0000000081e00000, 0x0000000085500000, 0x00000000d5f80000)
  object space 56320K, 28% used [0x0000000081e00000,0x0000000082d9b7e0,0x0000000085500000)
 Metaspace       used 50668K, capacity 52172K, committed 52648K, reserved 1095680K
  class space    used 6939K, capacity 7238K, committed 7344K, reserved 1048576K
Event: 9.090 GC heap after
Heap after GC invocations=12 (full 2):
 PSYoungGen      total 167424K, used 9706K [0x00000000d5f80000, 0x00000000e3980000, 0x0000000100000000)
  eden space 157696K, 0% used [0x00000000d5f80000,0x00000000d5f80000,0x00000000df980000)
  from space 9728K, 99% used [0x00000000e0680000,0x00000000e0ffabb8,0x00000000e1000000)
  to   space 13312K, 0% used [0x00000000df980000,0x00000000df980000,0x00000000e0680000)
 ParOldGen       total 56320K, used 23651K [0x0000000081e00000, 0x0000000085500000, 0x00000000d5f80000)
  object space 56320K, 41% used [0x0000000081e00000,0x0000000083518ea0,0x0000000085500000)
 Metaspace       used 50668K, capacity 52172K, committed 52648K, reserved 1095680K
  class space    used 6939K, capacity 7238K, committed 7344K, reserved 1048576K
}
Event: 10.707 GC heap before
{Heap before GC invocations=13 (full 2):
 PSYoungGen      total 167424K, used 122967K [0x00000000d5f80000, 0x00000000e3980000, 0x0000000100000000)
  eden space 157696K, 71% used [0x00000000d5f80000,0x00000000dce1b2a0,0x00000000df980000)
  from space 9728K, 99% used [0x00000000e0680000,0x00000000e0ffabb8,0x00000000e1000000)
  to   space 13312K, 0% used [0x00000000df980000,0x00000000df980000,0x00000000e0680000)
 ParOldGen       total 56320K, used 23651K [0x0000000081e00000, 0x0000000085500000, 0x00000000d5f80000)
  object space 56320K, 41% used [0x0000000081e00000,0x0000000083518ea0,0x0000000085500000)
 Metaspace       used 56948K, capacity 59106K, committed 59160K, reserved 1099776K
  class space    used 7827K, capacity 8233K, committed 8240K, reserved 1048576K
Event: 10.717 GC heap after
Heap after GC invocations=13 (full 2):
 PSYoungGen      total 171008K, used 8560K [0x00000000d5f80000, 0x00000000e4900000, 0x0000000100000000)
  eden space 157696K, 0% used [0x00000000d5f80000,0x00000000d5f80000,0x00000000df980000)
  from space 13312K, 64% used [0x00000000df980000,0x00000000e01dc1b8,0x00000000e0680000)
  to   space 15872K, 0% used [0x00000000e3980000,0x00000000e3980000,0x00000000e4900000)
 ParOldGen       total 56320K, used 27772K [0x0000000081e00000, 0x0000000085500000, 0x00000000d5f80000)
  object space 56320K, 49% used [0x0000000081e00000,0x000000008391f130,0x0000000085500000)
 Metaspace       used 56948K, capacity 59106K, committed 59160K, reserved 1099776K
  class space    used 7827K, capacity 8233K, committed 8240K, reserved 1048576K
}
Event: 10.718 GC heap before
{Heap before GC invocations=14 (full 3):
 PSYoungGen      total 171008K, used 8560K [0x00000000d5f80000, 0x00000000e4900000, 0x0000000100000000)
  eden space 157696K, 0% used [0x00000000d5f80000,0x00000000d5f80000,0x00000000df980000)
  from space 13312K, 64% used [0x00000000df980000,0x00000000e01dc1b8,0x00000000e0680000)
  to   space 15872K, 0% used [0x00000000e3980000,0x00000000e3980000,0x00000000e4900000)
 ParOldGen       total 56320K, used 27772K [0x0000000081e00000, 0x0000000085500000, 0x00000000d5f80000)
  object space 56320K, 49% used [0x0000000081e00000,0x000000008391f130,0x0000000085500000)
 Metaspace       used 56948K, capacity 59106K, committed 59160K, reserved 1099776K
  class space    used 7827K, capacity 8233K, committed 8240K, reserved 1048576K
Event: 10.937 GC heap after
Heap after GC invocations=14 (full 3):
 PSYoungGen      total 171008K, used 0K [0x00000000d5f80000, 0x00000000e4900000, 0x0000000100000000)
  eden space 157696K, 0% used [0x00000000d5f80000,0x00000000d5f80000,0x00000000df980000)
  from space 13312K, 0% used [0x00000000df980000,0x00000000df980000,0x00000000e0680000)
  to   space 15872K, 0% used [0x00000000e3980000,0x00000000e3980000,0x00000000e4900000)
 ParOldGen       total 56320K, used 27578K [0x0000000081e00000, 0x0000000085500000, 0x00000000d5f80000)
  object space 56320K, 48% used [0x0000000081e00000,0x00000000838ee860,0x0000000085500000)
 Metaspace       used 56948K, capacity 59106K, committed 59160K, reserved 1099776K
  class space    used 7827K, capacity 8233K, committed 8240K, reserved 1048576K
}
Event: 13.091 GC heap before
{Heap before GC invocations=15 (full 3):
 PSYoungGen      total 171008K, used 157696K [0x00000000d5f80000, 0x00000000e4900000, 0x0000000100000000)
  eden space 157696K, 100% used [0x00000000d5f80000,0x00000000df980000,0x00000000df980000)
  from space 13312K, 0% used [0x00000000df980000,0x00000000df980000,0x00000000e0680000)
  to   space 15872K, 0% used [0x00000000e3980000,0x00000000e3980000,0x00000000e4900000)
 ParOldGen       total 56320K, used 27578K [0x0000000081e00000, 0x0000000085500000, 0x00000000d5f80000)
  object space 56320K, 48% used [0x0000000081e00000,0x00000000838ee860,0x0000000085500000)
 Metaspace       used 62074K, capacity 64478K, committed 64664K, reserved 1105920K
  class space    used 8609K, capacity 9051K, committed 9136K, reserved 1048576K
Event: 13.103 GC heap after
Heap after GC invocations=15 (full 3):
 PSYoungGen      total 203264K, used 8755K [0x00000000d5f80000, 0x00000000e4280000, 0x0000000100000000)
  eden space 194048K, 0% used [0x00000000d5f80000,0x00000000d5f80000,0x00000000e1d00000)
  from space 9216K, 95% used [0x00000000e3980000,0x00000000e420cfd0,0x00000000e4280000)
  to   space 15360K, 0% used [0x00000000e2480000,0x00000000e2480000,0x00000000e3380000)
 ParOldGen       total 56320K, used 27586K [0x0000000081e00000, 0x0000000085500000, 0x00000000d5f80000)
  object space 56320K, 48% used [0x0000000081e00000,0x00000000838f0860,0x0000000085500000)
 Metaspace       used 62074K, capacity 64478K, committed 64664K, reserved 1105920K
  class space    used 8609K, capacity 9051K, committed 9136K, reserved 1048576K
}

